[2012-11-07 08:51:01] SELECT `id` , `parent_id` , `position` , `left` , `right` , `level` , `title` , `type` FROM `tree` WHERE `parent_id` = 1 ORDER BY `position` ASC <No database selected>
[2012-11-07 08:51:01] No query pending <No database selected>
[2012-11-07 08:51:01] TRUNCATE TABLE `tree` <No database selected>
[2012-11-07 08:51:01] INSERT INTO `tree` (`id`, `parent_id`, `position`, `left`, `right`, `level` ) VALUES (1, 0, 0, 1, 2, 0 ) <No database selected>
[2012-11-07 08:51:01] SELECT `id` , `parent_id` , `position` , `left` , `right` , `level` , `title` , `type` FROM `tree` WHERE `id` = 0 <No database selected>
[2012-11-07 08:51:01] No query pending <No database selected>
[2012-11-07 08:51:01] nf: no result set <No database selected>
[2012-11-07 08:51:01] SELECT `id` , `parent_id` , `position` , `left` , `right` , `level` , `title` , `type` FROM `tree` WHERE `parent_id` = 0 ORDER BY `position` ASC <No database selected>
[2012-11-07 08:51:01] No query pending <No database selected>
[2012-11-07 08:51:01] SELECT `id` , `parent_id` , `position` , `left` , `right` , `level` , `title` , `type` FROM `tree` WHERE `id` = 1 <No database selected>
[2012-11-07 08:51:01] No query pending <No database selected>
[2012-11-07 08:51:01] nf: no result set <No database selected>
[2012-11-07 08:51:01] SELECT `id` , `parent_id` , `position` , `left` , `right` , `level` , `title` , `type` FROM `tree` WHERE `parent_id` = 1 ORDER BY `position` ASC <No database selected>
[2012-11-07 08:51:01] No query pending <No database selected>
[2012-11-07 08:51:01] UPDATE `tree` SET `position` = `position` + 1 WHERE `parent_id` = 1 AND `position` >= 0  AND `id` NOT IN (-1)  <No database selected>
[2012-11-07 08:51:01] UPDATE `tree` SET `left` = `left` + 2 WHERE `left` >= 1  AND `id` NOT IN (-1)  <No database selected>
[2012-11-07 08:51:01] UPDATE `tree` SET `right` = `right` + 2 WHERE `right` >= 1  AND `id` NOT IN (-1)  <No database selected>
[2012-11-07 08:51:01] INSERT INTO `tree` (`parent_id`, `position`, `left`, `right`, `level` ) VALUES (1, 0, 1, 2, 1) <No database selected>
[2012-11-07 08:51:01] SELECT `id` , `parent_id` , `position` , `left` , `right` , `level` , `title` , `type` FROM `tree` WHERE `id` = 0 <No database selected>
[2012-11-07 08:51:01] No query pending <No database selected>
[2012-11-07 08:51:01] nf: no result set <No database selected>
[2012-11-07 08:51:01] SELECT `id` , `parent_id` , `position` , `left` , `right` , `level` , `title` , `type` FROM `tree` WHERE `parent_id` = 0 ORDER BY `position` ASC <No database selected>
[2012-11-07 08:51:01] No query pending <No database selected>
[2012-11-07 08:51:01] SELECT `id` , `parent_id` , `position` , `left` , `right` , `level` , `title` , `type` FROM `tree` WHERE `id` = 1 <No database selected>
[2012-11-07 08:51:01] No query pending <No database selected>
[2012-11-07 08:51:01] nf: no result set <No database selected>
[2012-11-07 08:51:01] SELECT `id` , `parent_id` , `position` , `left` , `right` , `level` , `title` , `type` FROM `tree` WHERE `parent_id` = 1 ORDER BY `position` ASC <No database selected>
[2012-11-07 08:51:01] No query pending <No database selected>
[2012-11-07 08:51:01] UPDATE `tree` SET `position` = `position` + 1 WHERE `parent_id` = 1 AND `position` >= 0  AND `id` NOT IN (-1)  <No database selected>
[2012-11-07 08:51:01] UPDATE `tree` SET `left` = `left` + 2 WHERE `left` >= 1  AND `id` NOT IN (-1)  <No database selected>
[2012-11-07 08:51:01] UPDATE `tree` SET `right` = `right` + 2 WHERE `right` >= 1  AND `id` NOT IN (-1)  <No database selected>
[2012-11-07 08:51:01] INSERT INTO `tree` (`parent_id`, `position`, `left`, `right`, `level` ) VALUES (1, 0, 1, 2, 1) <No database selected>
[2012-11-07 08:51:01] SELECT `id` , `parent_id` , `position` , `left` , `right` , `level` , `title` , `type` FROM `tree` WHERE `id` = 0 <No database selected>
[2012-11-07 08:51:01] No query pending <No database selected>
[2012-11-07 08:51:01] nf: no result set <No database selected>
[2012-11-07 08:51:01] SELECT `id` , `parent_id` , `position` , `left` , `right` , `level` , `title` , `type` FROM `tree` WHERE `parent_id` = 0 ORDER BY `position` ASC <No database selected>
[2012-11-07 08:51:01] No query pending <No database selected>
[2012-11-07 08:51:01] SELECT `id` , `parent_id` , `position` , `left` , `right` , `level` , `title` , `type` FROM `tree` WHERE `id` = 2 <No database selected>
[2012-11-07 08:51:01] No query pending <No database selected>
[2012-11-07 08:51:01] nf: no result set <No database selected>
[2012-11-07 08:51:01] SELECT `id` , `parent_id` , `position` , `left` , `right` , `level` , `title` , `type` FROM `tree` WHERE `parent_id` = 2 ORDER BY `position` ASC <No database selected>
[2012-11-07 08:51:01] No query pending <No database selected>
[2012-11-07 08:51:01] UPDATE `tree` SET `position` = `position` + 1 WHERE `parent_id` = 2 AND `position` >= 0  AND `id` NOT IN (-1)  <No database selected>
[2012-11-07 08:51:01] UPDATE `tree` SET `left` = `left` + 2 WHERE `left` >= 1  AND `id` NOT IN (-1)  <No database selected>
[2012-11-07 08:51:01] UPDATE `tree` SET `right` = `right` + 2 WHERE `right` >= 1  AND `id` NOT IN (-1)  <No database selected>
[2012-11-07 08:51:01] INSERT INTO `tree` (`parent_id`, `position`, `left`, `right`, `level` ) VALUES (2, 0, 1, 2, 1) <No database selected>
[2012-11-07 08:51:01] SELECT `id` , `parent_id` , `position` , `left` , `right` , `level` , `title` , `type` FROM `tree` WHERE `id` = 0 <No database selected>
[2012-11-07 08:51:01] No query pending <No database selected>
[2012-11-07 08:51:01] nf: no result set <No database selected>
[2012-11-07 08:51:01] SELECT `id` , `parent_id` , `position` , `left` , `right` , `level` , `title` , `type` FROM `tree` WHERE `parent_id` = 0 ORDER BY `position` ASC <No database selected>
[2012-11-07 08:51:01] No query pending <No database selected>
[2012-11-07 08:51:01] SELECT `id` , `parent_id` , `position` , `left` , `right` , `level` , `title` , `type` FROM `tree` WHERE `id` = 2 <No database selected>
[2012-11-07 08:51:01] No query pending <No database selected>
[2012-11-07 08:51:01] nf: no result set <No database selected>
[2012-11-07 08:51:01] SELECT `id` , `parent_id` , `position` , `left` , `right` , `level` , `title` , `type` FROM `tree` WHERE `parent_id` = 2 ORDER BY `position` ASC <No database selected>
[2012-11-07 08:51:01] No query pending <No database selected>
[2012-11-07 08:51:01] UPDATE `tree` SET `position` = `position` + 1 WHERE `parent_id` = 2 AND `position` >= 0  AND `id` NOT IN (-1)  <No database selected>
[2012-11-07 08:51:01] UPDATE `tree` SET `left` = `left` + 2 WHERE `left` >= 1  AND `id` NOT IN (-1)  <No database selected>
[2012-11-07 08:51:01] UPDATE `tree` SET `right` = `right` + 2 WHERE `right` >= 1  AND `id` NOT IN (-1)  <No database selected>
[2012-11-07 08:51:01] INSERT INTO `tree` (`parent_id`, `position`, `left`, `right`, `level` ) VALUES (2, 0, 1, 2, 1) <No database selected>
[2012-11-07 08:51:01] SELECT `id` , `parent_id` , `position` , `left` , `right` , `level` , `title` , `type` FROM `tree` WHERE `id` = 0 <No database selected>
[2012-11-07 08:51:01] No query pending <No database selected>
[2012-11-07 08:51:01] nf: no result set <No database selected>
[2012-11-07 08:51:01] SELECT `id` , `parent_id` , `position` , `left` , `right` , `level` , `title` , `type` FROM `tree` WHERE `parent_id` = 0 ORDER BY `position` ASC <No database selected>
[2012-11-07 08:51:01] No query pending <No database selected>
[2012-11-07 08:51:01] SELECT `id` , `parent_id` , `position` , `left` , `right` , `level` , `title` , `type` FROM `tree` WHERE `id` = 4 <No database selected>
[2012-11-07 08:51:01] No query pending <No database selected>
[2012-11-07 08:51:01] nf: no result set <No database selected>
[2012-11-07 08:51:01] SELECT `id` , `parent_id` , `position` , `left` , `right` , `level` , `title` , `type` FROM `tree` WHERE `parent_id` = 4 ORDER BY `position` ASC <No database selected>
[2012-11-07 08:51:01] No query pending <No database selected>
[2012-11-07 08:51:01] UPDATE `tree` SET `position` = `position` + 1 WHERE `parent_id` = 4 AND `position` >= 0  AND `id` NOT IN (-1)  <No database selected>
[2012-11-07 08:51:01] UPDATE `tree` SET `left` = `left` + 2 WHERE `left` >= 1  AND `id` NOT IN (-1)  <No database selected>
[2012-11-07 08:51:01] UPDATE `tree` SET `right` = `right` + 2 WHERE `right` >= 1  AND `id` NOT IN (-1)  <No database selected>
[2012-11-07 08:51:01] INSERT INTO `tree` (`parent_id`, `position`, `left`, `right`, `level` ) VALUES (4, 0, 1, 2, 1) <No database selected>
[2012-11-07 08:51:01] SELECT `id` , `parent_id` , `position` , `left` , `right` , `level` , `title` , `type` FROM `tree` WHERE `id` = 0 <No database selected>
[2012-11-07 08:51:01] No query pending <No database selected>
[2012-11-07 08:51:01] nf: no result set <No database selected>
[2012-11-07 08:51:01] SELECT `id` , `parent_id` , `position` , `left` , `right` , `level` , `title` , `type` FROM `tree` WHERE `parent_id` = 0 ORDER BY `position` ASC <No database selected>
[2012-11-07 08:51:01] No query pending <No database selected>
[2012-11-07 08:51:01] SELECT `id` , `parent_id` , `position` , `left` , `right` , `level` , `title` , `type` FROM `tree` WHERE `id` = 5 <No database selected>
[2012-11-07 08:51:01] No query pending <No database selected>
[2012-11-07 08:51:01] nf: no result set <No database selected>
[2012-11-07 08:51:01] SELECT `id` , `parent_id` , `position` , `left` , `right` , `level` , `title` , `type` FROM `tree` WHERE `parent_id` = 5 ORDER BY `position` ASC <No database selected>
[2012-11-07 08:51:01] No query pending <No database selected>
[2012-11-07 08:51:01] UPDATE `tree` SET `position` = `position` + 1 WHERE `parent_id` = 5 AND `position` >= 0  AND `id` NOT IN (-1)  <No database selected>
[2012-11-07 08:51:01] UPDATE `tree` SET `left` = `left` + 2 WHERE `left` >= 1  AND `id` NOT IN (-1)  <No database selected>
[2012-11-07 08:51:01] UPDATE `tree` SET `right` = `right` + 2 WHERE `right` >= 1  AND `id` NOT IN (-1)  <No database selected>
[2012-11-07 08:51:01] INSERT INTO `tree` (`parent_id`, `position`, `left`, `right`, `level` ) VALUES (5, 0, 1, 2, 1) <No database selected>
[2012-11-07 08:51:01] SELECT `id` , `parent_id` , `position` , `left` , `right` , `level` , `title` , `type` FROM `tree` WHERE `parent_id` = 1 ORDER BY `position` ASC <No database selected>
[2012-11-07 08:51:01] No query pending <No database selected>
[2012-11-07 08:52:07] SELECT `id` , `parent_id` , `position` , `left` , `right` , `level` , `title` , `type` FROM `tree` WHERE `parent_id` = 1 ORDER BY `position` ASC <No database selected>
[2012-11-07 08:52:07] No query pending <No database selected>
[2012-11-07 08:52:07] TRUNCATE TABLE `tree` <No database selected>
[2012-11-07 08:52:07] INSERT INTO `tree` (`id`, `parent_id`, `position`, `left`, `right`, `level` ) VALUES (1, 0, 0, 1, 2, 0 ) <No database selected>
[2012-11-07 08:52:07] SELECT `id` , `parent_id` , `position` , `left` , `right` , `level` , `title` , `type` FROM `tree` WHERE `id` = 0 <No database selected>
[2012-11-07 08:52:07] No query pending <No database selected>
[2012-11-07 08:52:07] nf: no result set <No database selected>
[2012-11-07 08:52:07] SELECT `id` , `parent_id` , `position` , `left` , `right` , `level` , `title` , `type` FROM `tree` WHERE `parent_id` = 0 ORDER BY `position` ASC <No database selected>
[2012-11-07 08:52:07] No query pending <No database selected>
[2012-11-07 08:52:07] SELECT `id` , `parent_id` , `position` , `left` , `right` , `level` , `title` , `type` FROM `tree` WHERE `id` = 1 <No database selected>
[2012-11-07 08:52:07] No query pending <No database selected>
[2012-11-07 08:52:07] nf: no result set <No database selected>
[2012-11-07 08:52:07] SELECT `id` , `parent_id` , `position` , `left` , `right` , `level` , `title` , `type` FROM `tree` WHERE `parent_id` = 1 ORDER BY `position` ASC <No database selected>
[2012-11-07 08:52:07] No query pending <No database selected>
[2012-11-07 08:52:07] UPDATE `tree` SET `position` = `position` + 1 WHERE `parent_id` = 1 AND `position` >= 0  AND `id` NOT IN (-1)  <No database selected>
[2012-11-07 08:52:07] UPDATE `tree` SET `left` = `left` + 2 WHERE `left` >= 1  AND `id` NOT IN (-1)  <No database selected>
[2012-11-07 08:52:07] UPDATE `tree` SET `right` = `right` + 2 WHERE `right` >= 1  AND `id` NOT IN (-1)  <No database selected>
[2012-11-07 08:52:07] INSERT INTO `tree` (`parent_id`, `position`, `left`, `right`, `level` ) VALUES (1, 0, 1, 2, 1) <No database selected>
[2012-11-07 08:52:07] SELECT `id` , `parent_id` , `position` , `left` , `right` , `level` , `title` , `type` FROM `tree` WHERE `id` = 0 <No database selected>
[2012-11-07 08:52:07] No query pending <No database selected>
[2012-11-07 08:52:07] nf: no result set <No database selected>
[2012-11-07 08:52:07] SELECT `id` , `parent_id` , `position` , `left` , `right` , `level` , `title` , `type` FROM `tree` WHERE `parent_id` = 0 ORDER BY `position` ASC <No database selected>
[2012-11-07 08:52:07] No query pending <No database selected>
[2012-11-07 08:52:07] SELECT `id` , `parent_id` , `position` , `left` , `right` , `level` , `title` , `type` FROM `tree` WHERE `id` = 1 <No database selected>
[2012-11-07 08:52:07] No query pending <No database selected>
[2012-11-07 08:52:07] nf: no result set <No database selected>
[2012-11-07 08:52:07] SELECT `id` , `parent_id` , `position` , `left` , `right` , `level` , `title` , `type` FROM `tree` WHERE `parent_id` = 1 ORDER BY `position` ASC <No database selected>
[2012-11-07 08:52:07] No query pending <No database selected>
[2012-11-07 08:52:07] UPDATE `tree` SET `position` = `position` + 1 WHERE `parent_id` = 1 AND `position` >= 0  AND `id` NOT IN (-1)  <No database selected>
[2012-11-07 08:52:07] UPDATE `tree` SET `left` = `left` + 2 WHERE `left` >= 1  AND `id` NOT IN (-1)  <No database selected>
[2012-11-07 08:52:07] UPDATE `tree` SET `right` = `right` + 2 WHERE `right` >= 1  AND `id` NOT IN (-1)  <No database selected>
[2012-11-07 08:52:07] INSERT INTO `tree` (`parent_id`, `position`, `left`, `right`, `level` ) VALUES (1, 0, 1, 2, 1) <No database selected>
[2012-11-07 08:52:07] SELECT `id` , `parent_id` , `position` , `left` , `right` , `level` , `title` , `type` FROM `tree` WHERE `id` = 0 <No database selected>
[2012-11-07 08:52:07] No query pending <No database selected>
[2012-11-07 08:52:07] nf: no result set <No database selected>
[2012-11-07 08:52:07] SELECT `id` , `parent_id` , `position` , `left` , `right` , `level` , `title` , `type` FROM `tree` WHERE `parent_id` = 0 ORDER BY `position` ASC <No database selected>
[2012-11-07 08:52:07] No query pending <No database selected>
[2012-11-07 08:52:07] SELECT `id` , `parent_id` , `position` , `left` , `right` , `level` , `title` , `type` FROM `tree` WHERE `id` = 2 <No database selected>
[2012-11-07 08:52:07] No query pending <No database selected>
[2012-11-07 08:52:07] nf: no result set <No database selected>
[2012-11-07 08:52:07] SELECT `id` , `parent_id` , `position` , `left` , `right` , `level` , `title` , `type` FROM `tree` WHERE `parent_id` = 2 ORDER BY `position` ASC <No database selected>
[2012-11-07 08:52:07] No query pending <No database selected>
[2012-11-07 08:52:07] UPDATE `tree` SET `position` = `position` + 1 WHERE `parent_id` = 2 AND `position` >= 0  AND `id` NOT IN (-1)  <No database selected>
[2012-11-07 08:52:07] UPDATE `tree` SET `left` = `left` + 2 WHERE `left` >= 1  AND `id` NOT IN (-1)  <No database selected>
[2012-11-07 08:52:07] UPDATE `tree` SET `right` = `right` + 2 WHERE `right` >= 1  AND `id` NOT IN (-1)  <No database selected>
[2012-11-07 08:52:07] INSERT INTO `tree` (`parent_id`, `position`, `left`, `right`, `level` ) VALUES (2, 0, 1, 2, 1) <No database selected>
[2012-11-07 08:52:07] SELECT `id` , `parent_id` , `position` , `left` , `right` , `level` , `title` , `type` FROM `tree` WHERE `id` = 0 <No database selected>
[2012-11-07 08:52:07] No query pending <No database selected>
[2012-11-07 08:52:07] nf: no result set <No database selected>
[2012-11-07 08:52:07] SELECT `id` , `parent_id` , `position` , `left` , `right` , `level` , `title` , `type` FROM `tree` WHERE `parent_id` = 0 ORDER BY `position` ASC <No database selected>
[2012-11-07 08:52:07] No query pending <No database selected>
[2012-11-07 08:52:07] SELECT `id` , `parent_id` , `position` , `left` , `right` , `level` , `title` , `type` FROM `tree` WHERE `id` = 2 <No database selected>
[2012-11-07 08:52:07] No query pending <No database selected>
[2012-11-07 08:52:07] nf: no result set <No database selected>
[2012-11-07 08:52:07] SELECT `id` , `parent_id` , `position` , `left` , `right` , `level` , `title` , `type` FROM `tree` WHERE `parent_id` = 2 ORDER BY `position` ASC <No database selected>
[2012-11-07 08:52:07] No query pending <No database selected>
[2012-11-07 08:52:07] UPDATE `tree` SET `position` = `position` + 1 WHERE `parent_id` = 2 AND `position` >= 0  AND `id` NOT IN (-1)  <No database selected>
[2012-11-07 08:52:07] UPDATE `tree` SET `left` = `left` + 2 WHERE `left` >= 1  AND `id` NOT IN (-1)  <No database selected>
[2012-11-07 08:52:07] UPDATE `tree` SET `right` = `right` + 2 WHERE `right` >= 1  AND `id` NOT IN (-1)  <No database selected>
[2012-11-07 08:52:07] INSERT INTO `tree` (`parent_id`, `position`, `left`, `right`, `level` ) VALUES (2, 0, 1, 2, 1) <No database selected>
[2012-11-07 08:52:07] SELECT `id` , `parent_id` , `position` , `left` , `right` , `level` , `title` , `type` FROM `tree` WHERE `id` = 0 <No database selected>
[2012-11-07 08:52:07] No query pending <No database selected>
[2012-11-07 08:52:07] nf: no result set <No database selected>
[2012-11-07 08:52:07] SELECT `id` , `parent_id` , `position` , `left` , `right` , `level` , `title` , `type` FROM `tree` WHERE `parent_id` = 0 ORDER BY `position` ASC <No database selected>
[2012-11-07 08:52:07] No query pending <No database selected>
[2012-11-07 08:52:07] SELECT `id` , `parent_id` , `position` , `left` , `right` , `level` , `title` , `type` FROM `tree` WHERE `id` = 4 <No database selected>
[2012-11-07 08:52:07] No query pending <No database selected>
[2012-11-07 08:52:07] nf: no result set <No database selected>
[2012-11-07 08:52:07] SELECT `id` , `parent_id` , `position` , `left` , `right` , `level` , `title` , `type` FROM `tree` WHERE `parent_id` = 4 ORDER BY `position` ASC <No database selected>
[2012-11-07 08:52:07] No query pending <No database selected>
[2012-11-07 08:52:07] UPDATE `tree` SET `position` = `position` + 1 WHERE `parent_id` = 4 AND `position` >= 0  AND `id` NOT IN (-1)  <No database selected>
[2012-11-07 08:52:07] UPDATE `tree` SET `left` = `left` + 2 WHERE `left` >= 1  AND `id` NOT IN (-1)  <No database selected>
[2012-11-07 08:52:07] UPDATE `tree` SET `right` = `right` + 2 WHERE `right` >= 1  AND `id` NOT IN (-1)  <No database selected>
[2012-11-07 08:52:07] INSERT INTO `tree` (`parent_id`, `position`, `left`, `right`, `level` ) VALUES (4, 0, 1, 2, 1) <No database selected>
[2012-11-07 08:52:07] SELECT `id` , `parent_id` , `position` , `left` , `right` , `level` , `title` , `type` FROM `tree` WHERE `id` = 0 <No database selected>
[2012-11-07 08:52:07] No query pending <No database selected>
[2012-11-07 08:52:07] nf: no result set <No database selected>
[2012-11-07 08:52:07] SELECT `id` , `parent_id` , `position` , `left` , `right` , `level` , `title` , `type` FROM `tree` WHERE `parent_id` = 0 ORDER BY `position` ASC <No database selected>
[2012-11-07 08:52:07] No query pending <No database selected>
[2012-11-07 08:52:07] SELECT `id` , `parent_id` , `position` , `left` , `right` , `level` , `title` , `type` FROM `tree` WHERE `id` = 5 <No database selected>
[2012-11-07 08:52:07] No query pending <No database selected>
[2012-11-07 08:52:07] nf: no result set <No database selected>
[2012-11-07 08:52:07] SELECT `id` , `parent_id` , `position` , `left` , `right` , `level` , `title` , `type` FROM `tree` WHERE `parent_id` = 5 ORDER BY `position` ASC <No database selected>
[2012-11-07 08:52:07] No query pending <No database selected>
[2012-11-07 08:52:07] UPDATE `tree` SET `position` = `position` + 1 WHERE `parent_id` = 5 AND `position` >= 0  AND `id` NOT IN (-1)  <No database selected>
[2012-11-07 08:52:07] UPDATE `tree` SET `left` = `left` + 2 WHERE `left` >= 1  AND `id` NOT IN (-1)  <No database selected>
[2012-11-07 08:52:07] UPDATE `tree` SET `right` = `right` + 2 WHERE `right` >= 1  AND `id` NOT IN (-1)  <No database selected>
[2012-11-07 08:52:07] INSERT INTO `tree` (`parent_id`, `position`, `left`, `right`, `level` ) VALUES (5, 0, 1, 2, 1) <No database selected>
[2012-11-07 08:52:07] SELECT `id` , `parent_id` , `position` , `left` , `right` , `level` , `title` , `type` FROM `tree` WHERE `parent_id` = 1 ORDER BY `position` ASC <No database selected>
[2012-11-07 08:52:07] No query pending <No database selected>
[2012-11-07 08:52:23] SELECT `id` , `parent_id` , `position` , `left` , `right` , `level` , `title` , `type` FROM `tree` WHERE `parent_id` = 1 ORDER BY `position` ASC <No database selected>
[2012-11-07 08:52:23] No query pending <No database selected>
[2012-11-07 08:52:23] TRUNCATE TABLE `tree` <No database selected>
[2012-11-07 08:52:23] INSERT INTO `tree` (`id`, `parent_id`, `position`, `left`, `right`, `level` ) VALUES (1, 0, 0, 1, 2, 0 ) <No database selected>
[2012-11-07 08:52:23] SELECT `id` , `parent_id` , `position` , `left` , `right` , `level` , `title` , `type` FROM `tree` WHERE `id` = 0 <No database selected>
[2012-11-07 08:52:23] No query pending <No database selected>
[2012-11-07 08:52:23] nf: no result set <No database selected>
[2012-11-07 08:52:23] SELECT `id` , `parent_id` , `position` , `left` , `right` , `level` , `title` , `type` FROM `tree` WHERE `parent_id` = 0 ORDER BY `position` ASC <No database selected>
[2012-11-07 08:52:23] No query pending <No database selected>
[2012-11-07 08:52:23] SELECT `id` , `parent_id` , `position` , `left` , `right` , `level` , `title` , `type` FROM `tree` WHERE `id` = 1 <No database selected>
[2012-11-07 08:52:23] No query pending <No database selected>
[2012-11-07 08:52:23] nf: no result set <No database selected>
[2012-11-07 08:52:23] SELECT `id` , `parent_id` , `position` , `left` , `right` , `level` , `title` , `type` FROM `tree` WHERE `parent_id` = 1 ORDER BY `position` ASC <No database selected>
[2012-11-07 08:52:23] No query pending <No database selected>
[2012-11-07 08:52:23] UPDATE `tree` SET `position` = `position` + 1 WHERE `parent_id` = 1 AND `position` >= 0  AND `id` NOT IN (-1)  <No database selected>
[2012-11-07 08:52:23] UPDATE `tree` SET `left` = `left` + 2 WHERE `left` >= 1  AND `id` NOT IN (-1)  <No database selected>
[2012-11-07 08:52:23] UPDATE `tree` SET `right` = `right` + 2 WHERE `right` >= 1  AND `id` NOT IN (-1)  <No database selected>
[2012-11-07 08:52:23] INSERT INTO `tree` (`parent_id`, `position`, `left`, `right`, `level` ) VALUES (1, 0, 1, 2, 1) <No database selected>
[2012-11-07 08:52:23] SELECT `id` , `parent_id` , `position` , `left` , `right` , `level` , `title` , `type` FROM `tree` WHERE `id` = 0 <No database selected>
[2012-11-07 08:52:23] No query pending <No database selected>
[2012-11-07 08:52:23] nf: no result set <No database selected>
[2012-11-07 08:52:23] SELECT `id` , `parent_id` , `position` , `left` , `right` , `level` , `title` , `type` FROM `tree` WHERE `parent_id` = 0 ORDER BY `position` ASC <No database selected>
[2012-11-07 08:52:23] No query pending <No database selected>
[2012-11-07 08:52:23] SELECT `id` , `parent_id` , `position` , `left` , `right` , `level` , `title` , `type` FROM `tree` WHERE `id` = 1 <No database selected>
[2012-11-07 08:52:23] No query pending <No database selected>
[2012-11-07 08:52:23] nf: no result set <No database selected>
[2012-11-07 08:52:23] SELECT `id` , `parent_id` , `position` , `left` , `right` , `level` , `title` , `type` FROM `tree` WHERE `parent_id` = 1 ORDER BY `position` ASC <No database selected>
[2012-11-07 08:52:23] No query pending <No database selected>
[2012-11-07 08:52:23] UPDATE `tree` SET `position` = `position` + 1 WHERE `parent_id` = 1 AND `position` >= 0  AND `id` NOT IN (-1)  <No database selected>
[2012-11-07 08:52:23] UPDATE `tree` SET `left` = `left` + 2 WHERE `left` >= 1  AND `id` NOT IN (-1)  <No database selected>
[2012-11-07 08:52:23] UPDATE `tree` SET `right` = `right` + 2 WHERE `right` >= 1  AND `id` NOT IN (-1)  <No database selected>
[2012-11-07 08:52:23] INSERT INTO `tree` (`parent_id`, `position`, `left`, `right`, `level` ) VALUES (1, 0, 1, 2, 1) <No database selected>
[2012-11-07 08:52:23] SELECT `id` , `parent_id` , `position` , `left` , `right` , `level` , `title` , `type` FROM `tree` WHERE `id` = 0 <No database selected>
[2012-11-07 08:52:23] No query pending <No database selected>
[2012-11-07 08:52:23] nf: no result set <No database selected>
[2012-11-07 08:52:23] SELECT `id` , `parent_id` , `position` , `left` , `right` , `level` , `title` , `type` FROM `tree` WHERE `parent_id` = 0 ORDER BY `position` ASC <No database selected>
[2012-11-07 08:52:23] No query pending <No database selected>
[2012-11-07 08:52:23] SELECT `id` , `parent_id` , `position` , `left` , `right` , `level` , `title` , `type` FROM `tree` WHERE `id` = 2 <No database selected>
[2012-11-07 08:52:23] No query pending <No database selected>
[2012-11-07 08:52:23] nf: no result set <No database selected>
[2012-11-07 08:52:23] SELECT `id` , `parent_id` , `position` , `left` , `right` , `level` , `title` , `type` FROM `tree` WHERE `parent_id` = 2 ORDER BY `position` ASC <No database selected>
[2012-11-07 08:52:23] No query pending <No database selected>
[2012-11-07 08:52:23] UPDATE `tree` SET `position` = `position` + 1 WHERE `parent_id` = 2 AND `position` >= 0  AND `id` NOT IN (-1)  <No database selected>
[2012-11-07 08:52:23] UPDATE `tree` SET `left` = `left` + 2 WHERE `left` >= 1  AND `id` NOT IN (-1)  <No database selected>
[2012-11-07 08:52:23] UPDATE `tree` SET `right` = `right` + 2 WHERE `right` >= 1  AND `id` NOT IN (-1)  <No database selected>
[2012-11-07 08:52:23] INSERT INTO `tree` (`parent_id`, `position`, `left`, `right`, `level` ) VALUES (2, 0, 1, 2, 1) <No database selected>
[2012-11-07 08:52:23] SELECT `id` , `parent_id` , `position` , `left` , `right` , `level` , `title` , `type` FROM `tree` WHERE `id` = 0 <No database selected>
[2012-11-07 08:52:23] No query pending <No database selected>
[2012-11-07 08:52:23] nf: no result set <No database selected>
[2012-11-07 08:52:23] SELECT `id` , `parent_id` , `position` , `left` , `right` , `level` , `title` , `type` FROM `tree` WHERE `parent_id` = 0 ORDER BY `position` ASC <No database selected>
[2012-11-07 08:52:23] No query pending <No database selected>
[2012-11-07 08:52:23] SELECT `id` , `parent_id` , `position` , `left` , `right` , `level` , `title` , `type` FROM `tree` WHERE `id` = 2 <No database selected>
[2012-11-07 08:52:23] No query pending <No database selected>
[2012-11-07 08:52:23] nf: no result set <No database selected>
[2012-11-07 08:52:23] SELECT `id` , `parent_id` , `position` , `left` , `right` , `level` , `title` , `type` FROM `tree` WHERE `parent_id` = 2 ORDER BY `position` ASC <No database selected>
[2012-11-07 08:52:23] No query pending <No database selected>
[2012-11-07 08:52:23] UPDATE `tree` SET `position` = `position` + 1 WHERE `parent_id` = 2 AND `position` >= 0  AND `id` NOT IN (-1)  <No database selected>
[2012-11-07 08:52:23] UPDATE `tree` SET `left` = `left` + 2 WHERE `left` >= 1  AND `id` NOT IN (-1)  <No database selected>
[2012-11-07 08:52:23] UPDATE `tree` SET `right` = `right` + 2 WHERE `right` >= 1  AND `id` NOT IN (-1)  <No database selected>
[2012-11-07 08:52:23] INSERT INTO `tree` (`parent_id`, `position`, `left`, `right`, `level` ) VALUES (2, 0, 1, 2, 1) <No database selected>
[2012-11-07 08:52:23] SELECT `id` , `parent_id` , `position` , `left` , `right` , `level` , `title` , `type` FROM `tree` WHERE `id` = 0 <No database selected>
[2012-11-07 08:52:23] No query pending <No database selected>
[2012-11-07 08:52:23] nf: no result set <No database selected>
[2012-11-07 08:52:23] SELECT `id` , `parent_id` , `position` , `left` , `right` , `level` , `title` , `type` FROM `tree` WHERE `parent_id` = 0 ORDER BY `position` ASC <No database selected>
[2012-11-07 08:52:23] No query pending <No database selected>
[2012-11-07 08:52:23] SELECT `id` , `parent_id` , `position` , `left` , `right` , `level` , `title` , `type` FROM `tree` WHERE `id` = 4 <No database selected>
[2012-11-07 08:52:23] No query pending <No database selected>
[2012-11-07 08:52:23] nf: no result set <No database selected>
[2012-11-07 08:52:23] SELECT `id` , `parent_id` , `position` , `left` , `right` , `level` , `title` , `type` FROM `tree` WHERE `parent_id` = 4 ORDER BY `position` ASC <No database selected>
[2012-11-07 08:52:23] No query pending <No database selected>
[2012-11-07 08:52:23] UPDATE `tree` SET `position` = `position` + 1 WHERE `parent_id` = 4 AND `position` >= 0  AND `id` NOT IN (-1)  <No database selected>
[2012-11-07 08:52:23] UPDATE `tree` SET `left` = `left` + 2 WHERE `left` >= 1  AND `id` NOT IN (-1)  <No database selected>
[2012-11-07 08:52:23] UPDATE `tree` SET `right` = `right` + 2 WHERE `right` >= 1  AND `id` NOT IN (-1)  <No database selected>
[2012-11-07 08:52:23] INSERT INTO `tree` (`parent_id`, `position`, `left`, `right`, `level` ) VALUES (4, 0, 1, 2, 1) <No database selected>
[2012-11-07 08:52:23] SELECT `id` , `parent_id` , `position` , `left` , `right` , `level` , `title` , `type` FROM `tree` WHERE `id` = 0 <No database selected>
[2012-11-07 08:52:23] No query pending <No database selected>
[2012-11-07 08:52:23] nf: no result set <No database selected>
[2012-11-07 08:52:23] SELECT `id` , `parent_id` , `position` , `left` , `right` , `level` , `title` , `type` FROM `tree` WHERE `parent_id` = 0 ORDER BY `position` ASC <No database selected>
[2012-11-07 08:52:23] No query pending <No database selected>
[2012-11-07 08:52:23] SELECT `id` , `parent_id` , `position` , `left` , `right` , `level` , `title` , `type` FROM `tree` WHERE `id` = 5 <No database selected>
[2012-11-07 08:52:23] No query pending <No database selected>
[2012-11-07 08:52:23] nf: no result set <No database selected>
[2012-11-07 08:52:23] SELECT `id` , `parent_id` , `position` , `left` , `right` , `level` , `title` , `type` FROM `tree` WHERE `parent_id` = 5 ORDER BY `position` ASC <No database selected>
[2012-11-07 08:52:23] No query pending <No database selected>
[2012-11-07 08:52:23] UPDATE `tree` SET `position` = `position` + 1 WHERE `parent_id` = 5 AND `position` >= 0  AND `id` NOT IN (-1)  <No database selected>
[2012-11-07 08:52:23] UPDATE `tree` SET `left` = `left` + 2 WHERE `left` >= 1  AND `id` NOT IN (-1)  <No database selected>
[2012-11-07 08:52:23] UPDATE `tree` SET `right` = `right` + 2 WHERE `right` >= 1  AND `id` NOT IN (-1)  <No database selected>
[2012-11-07 08:52:23] INSERT INTO `tree` (`parent_id`, `position`, `left`, `right`, `level` ) VALUES (5, 0, 1, 2, 1) <No database selected>
[2012-11-07 08:52:23] SELECT `id` , `parent_id` , `position` , `left` , `right` , `level` , `title` , `type` FROM `tree` WHERE `parent_id` = 1 ORDER BY `position` ASC <No database selected>
[2012-11-07 08:52:23] No query pending <No database selected>
[2012-11-07 09:11:18] SELECT `id` , `parent_id` , `position` , `left` , `right` , `level` , `title` , `type` FROM `tree` WHERE `parent_id` = 1 ORDER BY `position` ASC <No database selected>
[2012-11-07 09:11:18] No query pending <No database selected>
[2012-11-07 09:11:18] TRUNCATE TABLE `tree` <No database selected>
[2012-11-07 09:11:18] INSERT INTO `tree` (`id`, `parent_id`, `position`, `left`, `right`, `level` ) VALUES (1, 0, 0, 1, 2, 0 ) <No database selected>
[2012-11-07 09:11:18] SELECT `id` , `parent_id` , `position` , `left` , `right` , `level` , `title` , `type` FROM `tree` WHERE `id` = 0 <No database selected>
[2012-11-07 09:11:18] No query pending <No database selected>
[2012-11-07 09:11:18] nf: no result set <No database selected>
[2012-11-07 09:11:18] SELECT `id` , `parent_id` , `position` , `left` , `right` , `level` , `title` , `type` FROM `tree` WHERE `parent_id` = 0 ORDER BY `position` ASC <No database selected>
[2012-11-07 09:11:18] No query pending <No database selected>
[2012-11-07 09:11:18] SELECT `id` , `parent_id` , `position` , `left` , `right` , `level` , `title` , `type` FROM `tree` WHERE `id` = 1 <No database selected>
[2012-11-07 09:11:18] No query pending <No database selected>
[2012-11-07 09:11:18] nf: no result set <No database selected>
[2012-11-07 09:11:18] SELECT `id` , `parent_id` , `position` , `left` , `right` , `level` , `title` , `type` FROM `tree` WHERE `parent_id` = 1 ORDER BY `position` ASC <No database selected>
[2012-11-07 09:11:18] No query pending <No database selected>
[2012-11-07 09:11:18] UPDATE `tree` SET `position` = `position` + 1 WHERE `parent_id` = 1 AND `position` >= 0  AND `id` NOT IN (-1)  <No database selected>
[2012-11-07 09:11:18] UPDATE `tree` SET `left` = `left` + 2 WHERE `left` >= 1  AND `id` NOT IN (-1)  <No database selected>
[2012-11-07 09:11:18] UPDATE `tree` SET `right` = `right` + 2 WHERE `right` >= 1  AND `id` NOT IN (-1)  <No database selected>
[2012-11-07 09:11:18] INSERT INTO `tree` (`parent_id`, `position`, `left`, `right`, `level` ) VALUES (1, 0, 1, 2, 1) <No database selected>
[2012-11-07 09:11:18] SELECT `id` , `parent_id` , `position` , `left` , `right` , `level` , `title` , `type` FROM `tree` WHERE `id` = 0 <No database selected>
[2012-11-07 09:11:18] No query pending <No database selected>
[2012-11-07 09:11:19] nf: no result set <No database selected>
[2012-11-07 09:11:19] SELECT `id` , `parent_id` , `position` , `left` , `right` , `level` , `title` , `type` FROM `tree` WHERE `parent_id` = 0 ORDER BY `position` ASC <No database selected>
[2012-11-07 09:11:19] No query pending <No database selected>
[2012-11-07 09:11:19] SELECT `id` , `parent_id` , `position` , `left` , `right` , `level` , `title` , `type` FROM `tree` WHERE `id` = 1 <No database selected>
[2012-11-07 09:11:19] No query pending <No database selected>
[2012-11-07 09:11:19] nf: no result set <No database selected>
[2012-11-07 09:11:19] SELECT `id` , `parent_id` , `position` , `left` , `right` , `level` , `title` , `type` FROM `tree` WHERE `parent_id` = 1 ORDER BY `position` ASC <No database selected>
[2012-11-07 09:11:19] No query pending <No database selected>
[2012-11-07 09:11:19] UPDATE `tree` SET `position` = `position` + 1 WHERE `parent_id` = 1 AND `position` >= 0  AND `id` NOT IN (-1)  <No database selected>
[2012-11-07 09:11:19] UPDATE `tree` SET `left` = `left` + 2 WHERE `left` >= 1  AND `id` NOT IN (-1)  <No database selected>
[2012-11-07 09:11:19] UPDATE `tree` SET `right` = `right` + 2 WHERE `right` >= 1  AND `id` NOT IN (-1)  <No database selected>
[2012-11-07 09:11:19] INSERT INTO `tree` (`parent_id`, `position`, `left`, `right`, `level` ) VALUES (1, 0, 1, 2, 1) <No database selected>
[2012-11-07 09:11:19] SELECT `id` , `parent_id` , `position` , `left` , `right` , `level` , `title` , `type` FROM `tree` WHERE `id` = 0 <No database selected>
[2012-11-07 09:11:19] No query pending <No database selected>
[2012-11-07 09:11:19] nf: no result set <No database selected>
[2012-11-07 09:11:19] SELECT `id` , `parent_id` , `position` , `left` , `right` , `level` , `title` , `type` FROM `tree` WHERE `parent_id` = 0 ORDER BY `position` ASC <No database selected>
[2012-11-07 09:11:19] No query pending <No database selected>
[2012-11-07 09:11:19] SELECT `id` , `parent_id` , `position` , `left` , `right` , `level` , `title` , `type` FROM `tree` WHERE `id` = 2 <No database selected>
[2012-11-07 09:11:19] No query pending <No database selected>
[2012-11-07 09:11:19] nf: no result set <No database selected>
[2012-11-07 09:11:19] SELECT `id` , `parent_id` , `position` , `left` , `right` , `level` , `title` , `type` FROM `tree` WHERE `parent_id` = 2 ORDER BY `position` ASC <No database selected>
[2012-11-07 09:11:19] No query pending <No database selected>
[2012-11-07 09:11:19] UPDATE `tree` SET `position` = `position` + 1 WHERE `parent_id` = 2 AND `position` >= 0  AND `id` NOT IN (-1)  <No database selected>
[2012-11-07 09:11:19] UPDATE `tree` SET `left` = `left` + 2 WHERE `left` >= 1  AND `id` NOT IN (-1)  <No database selected>
[2012-11-07 09:11:19] UPDATE `tree` SET `right` = `right` + 2 WHERE `right` >= 1  AND `id` NOT IN (-1)  <No database selected>
[2012-11-07 09:11:19] INSERT INTO `tree` (`parent_id`, `position`, `left`, `right`, `level` ) VALUES (2, 0, 1, 2, 1) <No database selected>
[2012-11-07 09:11:19] SELECT `id` , `parent_id` , `position` , `left` , `right` , `level` , `title` , `type` FROM `tree` WHERE `id` = 0 <No database selected>
[2012-11-07 09:11:19] No query pending <No database selected>
[2012-11-07 09:11:19] nf: no result set <No database selected>
[2012-11-07 09:11:19] SELECT `id` , `parent_id` , `position` , `left` , `right` , `level` , `title` , `type` FROM `tree` WHERE `parent_id` = 0 ORDER BY `position` ASC <No database selected>
[2012-11-07 09:11:19] No query pending <No database selected>
[2012-11-07 09:11:19] SELECT `id` , `parent_id` , `position` , `left` , `right` , `level` , `title` , `type` FROM `tree` WHERE `id` = 2 <No database selected>
[2012-11-07 09:11:19] No query pending <No database selected>
[2012-11-07 09:11:19] nf: no result set <No database selected>
[2012-11-07 09:11:19] SELECT `id` , `parent_id` , `position` , `left` , `right` , `level` , `title` , `type` FROM `tree` WHERE `parent_id` = 2 ORDER BY `position` ASC <No database selected>
[2012-11-07 09:11:19] No query pending <No database selected>
[2012-11-07 09:11:19] UPDATE `tree` SET `position` = `position` + 1 WHERE `parent_id` = 2 AND `position` >= 0  AND `id` NOT IN (-1)  <No database selected>
[2012-11-07 09:11:19] UPDATE `tree` SET `left` = `left` + 2 WHERE `left` >= 1  AND `id` NOT IN (-1)  <No database selected>
[2012-11-07 09:11:19] UPDATE `tree` SET `right` = `right` + 2 WHERE `right` >= 1  AND `id` NOT IN (-1)  <No database selected>
[2012-11-07 09:11:19] INSERT INTO `tree` (`parent_id`, `position`, `left`, `right`, `level` ) VALUES (2, 0, 1, 2, 1) <No database selected>
[2012-11-07 09:11:19] SELECT `id` , `parent_id` , `position` , `left` , `right` , `level` , `title` , `type` FROM `tree` WHERE `id` = 0 <No database selected>
[2012-11-07 09:11:19] No query pending <No database selected>
[2012-11-07 09:11:19] nf: no result set <No database selected>
[2012-11-07 09:11:19] SELECT `id` , `parent_id` , `position` , `left` , `right` , `level` , `title` , `type` FROM `tree` WHERE `parent_id` = 0 ORDER BY `position` ASC <No database selected>
[2012-11-07 09:11:19] No query pending <No database selected>
[2012-11-07 09:11:19] SELECT `id` , `parent_id` , `position` , `left` , `right` , `level` , `title` , `type` FROM `tree` WHERE `id` = 4 <No database selected>
[2012-11-07 09:11:19] No query pending <No database selected>
[2012-11-07 09:11:19] nf: no result set <No database selected>
[2012-11-07 09:11:19] SELECT `id` , `parent_id` , `position` , `left` , `right` , `level` , `title` , `type` FROM `tree` WHERE `parent_id` = 4 ORDER BY `position` ASC <No database selected>
[2012-11-07 09:11:19] No query pending <No database selected>
[2012-11-07 09:11:19] UPDATE `tree` SET `position` = `position` + 1 WHERE `parent_id` = 4 AND `position` >= 0  AND `id` NOT IN (-1)  <No database selected>
[2012-11-07 09:11:19] UPDATE `tree` SET `left` = `left` + 2 WHERE `left` >= 1  AND `id` NOT IN (-1)  <No database selected>
[2012-11-07 09:11:19] UPDATE `tree` SET `right` = `right` + 2 WHERE `right` >= 1  AND `id` NOT IN (-1)  <No database selected>
[2012-11-07 09:11:19] INSERT INTO `tree` (`parent_id`, `position`, `left`, `right`, `level` ) VALUES (4, 0, 1, 2, 1) <No database selected>
[2012-11-07 09:11:19] SELECT `id` , `parent_id` , `position` , `left` , `right` , `level` , `title` , `type` FROM `tree` WHERE `id` = 0 <No database selected>
[2012-11-07 09:11:19] No query pending <No database selected>
[2012-11-07 09:11:19] nf: no result set <No database selected>
[2012-11-07 09:11:19] SELECT `id` , `parent_id` , `position` , `left` , `right` , `level` , `title` , `type` FROM `tree` WHERE `parent_id` = 0 ORDER BY `position` ASC <No database selected>
[2012-11-07 09:11:19] No query pending <No database selected>
[2012-11-07 09:11:19] SELECT `id` , `parent_id` , `position` , `left` , `right` , `level` , `title` , `type` FROM `tree` WHERE `id` = 5 <No database selected>
[2012-11-07 09:11:19] No query pending <No database selected>
[2012-11-07 09:11:19] nf: no result set <No database selected>
[2012-11-07 09:11:19] SELECT `id` , `parent_id` , `position` , `left` , `right` , `level` , `title` , `type` FROM `tree` WHERE `parent_id` = 5 ORDER BY `position` ASC <No database selected>
[2012-11-07 09:11:19] No query pending <No database selected>
[2012-11-07 09:11:19] UPDATE `tree` SET `position` = `position` + 1 WHERE `parent_id` = 5 AND `position` >= 0  AND `id` NOT IN (-1)  <No database selected>
[2012-11-07 09:11:19] UPDATE `tree` SET `left` = `left` + 2 WHERE `left` >= 1  AND `id` NOT IN (-1)  <No database selected>
[2012-11-07 09:11:19] UPDATE `tree` SET `right` = `right` + 2 WHERE `right` >= 1  AND `id` NOT IN (-1)  <No database selected>
[2012-11-07 09:11:19] INSERT INTO `tree` (`parent_id`, `position`, `left`, `right`, `level` ) VALUES (5, 0, 1, 2, 1) <No database selected>
[2012-11-07 09:11:19] SELECT `id` , `parent_id` , `position` , `left` , `right` , `level` , `title` , `type` FROM `tree` WHERE `parent_id` = 1 ORDER BY `position` ASC <No database selected>
[2012-11-07 09:11:19] No query pending <No database selected>
[2012-11-07 09:13:47] SELECT `id` , `parent_id` , `position` , `left` , `right` , `level` , `title` , `type` FROM `tree` WHERE `parent_id` = 1 ORDER BY `position` ASC <No database selected>
[2012-11-07 09:13:47] No query pending <No database selected>
[2012-11-07 09:13:47] TRUNCATE TABLE `tree` <No database selected>
[2012-11-07 09:13:47] INSERT INTO `tree` (`id`, `parent_id`, `position`, `left`, `right`, `level` ) VALUES (1, 0, 0, 1, 2, 0 ) <No database selected>
[2012-11-07 09:13:47] SELECT `id` , `parent_id` , `position` , `left` , `right` , `level` , `title` , `type` FROM `tree` WHERE `id` = 0 <No database selected>
[2012-11-07 09:13:47] No query pending <No database selected>
[2012-11-07 09:13:47] nf: no result set <No database selected>
[2012-11-07 09:13:47] SELECT `id` , `parent_id` , `position` , `left` , `right` , `level` , `title` , `type` FROM `tree` WHERE `parent_id` = 0 ORDER BY `position` ASC <No database selected>
[2012-11-07 09:13:47] No query pending <No database selected>
[2012-11-07 09:13:47] SELECT `id` , `parent_id` , `position` , `left` , `right` , `level` , `title` , `type` FROM `tree` WHERE `id` = 1 <No database selected>
[2012-11-07 09:13:47] No query pending <No database selected>
[2012-11-07 09:13:47] nf: no result set <No database selected>
[2012-11-07 09:13:47] SELECT `id` , `parent_id` , `position` , `left` , `right` , `level` , `title` , `type` FROM `tree` WHERE `parent_id` = 1 ORDER BY `position` ASC <No database selected>
[2012-11-07 09:13:47] No query pending <No database selected>
[2012-11-07 09:13:47] UPDATE `tree` SET `position` = `position` + 1 WHERE `parent_id` = 1 AND `position` >= 0  AND `id` NOT IN (-1)  <No database selected>
[2012-11-07 09:13:47] UPDATE `tree` SET `left` = `left` + 2 WHERE `left` >= 1  AND `id` NOT IN (-1)  <No database selected>
[2012-11-07 09:13:47] UPDATE `tree` SET `right` = `right` + 2 WHERE `right` >= 1  AND `id` NOT IN (-1)  <No database selected>
[2012-11-07 09:13:47] INSERT INTO `tree` (`parent_id`, `position`, `left`, `right`, `level` ) VALUES (1, 0, 1, 2, 1) <No database selected>
[2012-11-07 09:13:47] SELECT `id` , `parent_id` , `position` , `left` , `right` , `level` , `title` , `type` FROM `tree` WHERE `id` = 0 <No database selected>
[2012-11-07 09:13:47] No query pending <No database selected>
[2012-11-07 09:13:47] nf: no result set <No database selected>
[2012-11-07 09:13:47] SELECT `id` , `parent_id` , `position` , `left` , `right` , `level` , `title` , `type` FROM `tree` WHERE `parent_id` = 0 ORDER BY `position` ASC <No database selected>
[2012-11-07 09:13:47] No query pending <No database selected>
[2012-11-07 09:13:47] SELECT `id` , `parent_id` , `position` , `left` , `right` , `level` , `title` , `type` FROM `tree` WHERE `id` = 1 <No database selected>
[2012-11-07 09:13:47] No query pending <No database selected>
[2012-11-07 09:13:47] nf: no result set <No database selected>
[2012-11-07 09:13:47] SELECT `id` , `parent_id` , `position` , `left` , `right` , `level` , `title` , `type` FROM `tree` WHERE `parent_id` = 1 ORDER BY `position` ASC <No database selected>
[2012-11-07 09:13:47] No query pending <No database selected>
[2012-11-07 09:13:47] UPDATE `tree` SET `position` = `position` + 1 WHERE `parent_id` = 1 AND `position` >= 0  AND `id` NOT IN (-1)  <No database selected>
[2012-11-07 09:13:47] UPDATE `tree` SET `left` = `left` + 2 WHERE `left` >= 1  AND `id` NOT IN (-1)  <No database selected>
[2012-11-07 09:13:47] UPDATE `tree` SET `right` = `right` + 2 WHERE `right` >= 1  AND `id` NOT IN (-1)  <No database selected>
[2012-11-07 09:13:47] INSERT INTO `tree` (`parent_id`, `position`, `left`, `right`, `level` ) VALUES (1, 0, 1, 2, 1) <No database selected>
[2012-11-07 09:13:47] SELECT `id` , `parent_id` , `position` , `left` , `right` , `level` , `title` , `type` FROM `tree` WHERE `id` = 0 <No database selected>
[2012-11-07 09:13:47] No query pending <No database selected>
[2012-11-07 09:13:47] nf: no result set <No database selected>
[2012-11-07 09:13:47] SELECT `id` , `parent_id` , `position` , `left` , `right` , `level` , `title` , `type` FROM `tree` WHERE `parent_id` = 0 ORDER BY `position` ASC <No database selected>
[2012-11-07 09:13:47] No query pending <No database selected>
[2012-11-07 09:13:47] SELECT `id` , `parent_id` , `position` , `left` , `right` , `level` , `title` , `type` FROM `tree` WHERE `id` = 2 <No database selected>
[2012-11-07 09:13:47] No query pending <No database selected>
[2012-11-07 09:13:47] nf: no result set <No database selected>
[2012-11-07 09:13:47] SELECT `id` , `parent_id` , `position` , `left` , `right` , `level` , `title` , `type` FROM `tree` WHERE `parent_id` = 2 ORDER BY `position` ASC <No database selected>
[2012-11-07 09:13:47] No query pending <No database selected>
[2012-11-07 09:13:47] UPDATE `tree` SET `position` = `position` + 1 WHERE `parent_id` = 2 AND `position` >= 0  AND `id` NOT IN (-1)  <No database selected>
[2012-11-07 09:13:47] UPDATE `tree` SET `left` = `left` + 2 WHERE `left` >= 1  AND `id` NOT IN (-1)  <No database selected>
[2012-11-07 09:13:47] UPDATE `tree` SET `right` = `right` + 2 WHERE `right` >= 1  AND `id` NOT IN (-1)  <No database selected>
[2012-11-07 09:13:47] INSERT INTO `tree` (`parent_id`, `position`, `left`, `right`, `level` ) VALUES (2, 0, 1, 2, 1) <No database selected>
[2012-11-07 09:13:47] SELECT `id` , `parent_id` , `position` , `left` , `right` , `level` , `title` , `type` FROM `tree` WHERE `id` = 0 <No database selected>
[2012-11-07 09:13:47] No query pending <No database selected>
[2012-11-07 09:13:47] nf: no result set <No database selected>
[2012-11-07 09:13:47] SELECT `id` , `parent_id` , `position` , `left` , `right` , `level` , `title` , `type` FROM `tree` WHERE `parent_id` = 0 ORDER BY `position` ASC <No database selected>
[2012-11-07 09:13:47] No query pending <No database selected>
[2012-11-07 09:13:48] SELECT `id` , `parent_id` , `position` , `left` , `right` , `level` , `title` , `type` FROM `tree` WHERE `id` = 2 <No database selected>
[2012-11-07 09:13:48] No query pending <No database selected>
[2012-11-07 09:13:48] nf: no result set <No database selected>
[2012-11-07 09:13:48] SELECT `id` , `parent_id` , `position` , `left` , `right` , `level` , `title` , `type` FROM `tree` WHERE `parent_id` = 2 ORDER BY `position` ASC <No database selected>
[2012-11-07 09:13:48] No query pending <No database selected>
[2012-11-07 09:13:48] UPDATE `tree` SET `position` = `position` + 1 WHERE `parent_id` = 2 AND `position` >= 0  AND `id` NOT IN (-1)  <No database selected>
[2012-11-07 09:13:48] UPDATE `tree` SET `left` = `left` + 2 WHERE `left` >= 1  AND `id` NOT IN (-1)  <No database selected>
[2012-11-07 09:13:48] UPDATE `tree` SET `right` = `right` + 2 WHERE `right` >= 1  AND `id` NOT IN (-1)  <No database selected>
[2012-11-07 09:13:48] INSERT INTO `tree` (`parent_id`, `position`, `left`, `right`, `level` ) VALUES (2, 0, 1, 2, 1) <No database selected>
[2012-11-07 09:13:48] SELECT `id` , `parent_id` , `position` , `left` , `right` , `level` , `title` , `type` FROM `tree` WHERE `id` = 0 <No database selected>
[2012-11-07 09:13:48] No query pending <No database selected>
[2012-11-07 09:13:48] nf: no result set <No database selected>
[2012-11-07 09:13:48] SELECT `id` , `parent_id` , `position` , `left` , `right` , `level` , `title` , `type` FROM `tree` WHERE `parent_id` = 0 ORDER BY `position` ASC <No database selected>
[2012-11-07 09:13:48] No query pending <No database selected>
[2012-11-07 09:13:48] SELECT `id` , `parent_id` , `position` , `left` , `right` , `level` , `title` , `type` FROM `tree` WHERE `id` = 4 <No database selected>
[2012-11-07 09:13:48] No query pending <No database selected>
[2012-11-07 09:13:48] nf: no result set <No database selected>
[2012-11-07 09:13:48] SELECT `id` , `parent_id` , `position` , `left` , `right` , `level` , `title` , `type` FROM `tree` WHERE `parent_id` = 4 ORDER BY `position` ASC <No database selected>
[2012-11-07 09:13:48] No query pending <No database selected>
[2012-11-07 09:13:48] UPDATE `tree` SET `position` = `position` + 1 WHERE `parent_id` = 4 AND `position` >= 0  AND `id` NOT IN (-1)  <No database selected>
[2012-11-07 09:13:48] UPDATE `tree` SET `left` = `left` + 2 WHERE `left` >= 1  AND `id` NOT IN (-1)  <No database selected>
[2012-11-07 09:13:48] UPDATE `tree` SET `right` = `right` + 2 WHERE `right` >= 1  AND `id` NOT IN (-1)  <No database selected>
[2012-11-07 09:13:48] INSERT INTO `tree` (`parent_id`, `position`, `left`, `right`, `level` ) VALUES (4, 0, 1, 2, 1) <No database selected>
[2012-11-07 09:13:48] SELECT `id` , `parent_id` , `position` , `left` , `right` , `level` , `title` , `type` FROM `tree` WHERE `id` = 0 <No database selected>
[2012-11-07 09:13:48] No query pending <No database selected>
[2012-11-07 09:13:48] nf: no result set <No database selected>
[2012-11-07 09:13:48] SELECT `id` , `parent_id` , `position` , `left` , `right` , `level` , `title` , `type` FROM `tree` WHERE `parent_id` = 0 ORDER BY `position` ASC <No database selected>
[2012-11-07 09:13:48] No query pending <No database selected>
[2012-11-07 09:13:48] SELECT `id` , `parent_id` , `position` , `left` , `right` , `level` , `title` , `type` FROM `tree` WHERE `id` = 5 <No database selected>
[2012-11-07 09:13:48] No query pending <No database selected>
[2012-11-07 09:13:48] nf: no result set <No database selected>
[2012-11-07 09:13:48] SELECT `id` , `parent_id` , `position` , `left` , `right` , `level` , `title` , `type` FROM `tree` WHERE `parent_id` = 5 ORDER BY `position` ASC <No database selected>
[2012-11-07 09:13:48] No query pending <No database selected>
[2012-11-07 09:13:48] UPDATE `tree` SET `position` = `position` + 1 WHERE `parent_id` = 5 AND `position` >= 0  AND `id` NOT IN (-1)  <No database selected>
[2012-11-07 09:13:48] UPDATE `tree` SET `left` = `left` + 2 WHERE `left` >= 1  AND `id` NOT IN (-1)  <No database selected>
[2012-11-07 09:13:48] UPDATE `tree` SET `right` = `right` + 2 WHERE `right` >= 1  AND `id` NOT IN (-1)  <No database selected>
[2012-11-07 09:13:48] INSERT INTO `tree` (`parent_id`, `position`, `left`, `right`, `level` ) VALUES (5, 0, 1, 2, 1) <No database selected>
[2012-11-07 09:13:48] SELECT `id` , `parent_id` , `position` , `left` , `right` , `level` , `title` , `type` FROM `tree` WHERE `parent_id` = 1 ORDER BY `position` ASC <No database selected>
[2012-11-07 09:13:48] No query pending <No database selected>
[2012-11-07 10:26:19] SELECT `id` , `parent_id` , `position` , `left` , `right` , `level` , `title` , `type` FROM `tree` WHERE `parent_id` = 1 ORDER BY `position` ASC <No database selected>
[2012-11-07 10:26:19] No query pending <No database selected>
[2012-11-07 10:26:19] TRUNCATE TABLE `tree` <No database selected>
[2012-11-07 10:26:19] INSERT INTO `tree` (`id`, `parent_id`, `position`, `left`, `right`, `level` ) VALUES (1, 0, 0, 1, 2, 0 ) <No database selected>
[2012-11-07 10:26:19] SELECT `id` , `parent_id` , `position` , `left` , `right` , `level` , `title` , `type` FROM `tree` WHERE `id` = 0 <No database selected>
[2012-11-07 10:26:19] No query pending <No database selected>
[2012-11-07 10:26:19] nf: no result set <No database selected>
[2012-11-07 10:26:19] SELECT `id` , `parent_id` , `position` , `left` , `right` , `level` , `title` , `type` FROM `tree` WHERE `parent_id` = 0 ORDER BY `position` ASC <No database selected>
[2012-11-07 10:26:19] No query pending <No database selected>
[2012-11-07 10:26:19] SELECT `id` , `parent_id` , `position` , `left` , `right` , `level` , `title` , `type` FROM `tree` WHERE `id` = 1 <No database selected>
[2012-11-07 10:26:19] No query pending <No database selected>
[2012-11-07 10:26:19] nf: no result set <No database selected>
[2012-11-07 10:26:19] SELECT `id` , `parent_id` , `position` , `left` , `right` , `level` , `title` , `type` FROM `tree` WHERE `parent_id` = 1 ORDER BY `position` ASC <No database selected>
[2012-11-07 10:26:19] No query pending <No database selected>
[2012-11-07 10:26:19] UPDATE `tree` SET `position` = `position` + 1 WHERE `parent_id` = 1 AND `position` >= 0  AND `id` NOT IN (-1)  <No database selected>
[2012-11-07 10:26:19] UPDATE `tree` SET `left` = `left` + 2 WHERE `left` >= 1  AND `id` NOT IN (-1)  <No database selected>
[2012-11-07 10:26:19] UPDATE `tree` SET `right` = `right` + 2 WHERE `right` >= 1  AND `id` NOT IN (-1)  <No database selected>
[2012-11-07 10:26:19] INSERT INTO `tree` (`parent_id`, `position`, `left`, `right`, `level` ) VALUES (1, 0, 1, 2, 1) <No database selected>
[2012-11-07 10:26:19] SELECT `id` , `parent_id` , `position` , `left` , `right` , `level` , `title` , `type` FROM `tree` WHERE `id` = 0 <No database selected>
[2012-11-07 10:26:19] No query pending <No database selected>
[2012-11-07 10:26:19] nf: no result set <No database selected>
[2012-11-07 10:26:19] SELECT `id` , `parent_id` , `position` , `left` , `right` , `level` , `title` , `type` FROM `tree` WHERE `parent_id` = 0 ORDER BY `position` ASC <No database selected>
[2012-11-07 10:26:19] No query pending <No database selected>
[2012-11-07 10:26:19] SELECT `id` , `parent_id` , `position` , `left` , `right` , `level` , `title` , `type` FROM `tree` WHERE `id` = 1 <No database selected>
[2012-11-07 10:26:19] No query pending <No database selected>
[2012-11-07 10:26:19] nf: no result set <No database selected>
[2012-11-07 10:26:19] SELECT `id` , `parent_id` , `position` , `left` , `right` , `level` , `title` , `type` FROM `tree` WHERE `parent_id` = 1 ORDER BY `position` ASC <No database selected>
[2012-11-07 10:26:19] No query pending <No database selected>
[2012-11-07 10:26:19] UPDATE `tree` SET `position` = `position` + 1 WHERE `parent_id` = 1 AND `position` >= 0  AND `id` NOT IN (-1)  <No database selected>
[2012-11-07 10:26:19] UPDATE `tree` SET `left` = `left` + 2 WHERE `left` >= 1  AND `id` NOT IN (-1)  <No database selected>
[2012-11-07 10:26:19] UPDATE `tree` SET `right` = `right` + 2 WHERE `right` >= 1  AND `id` NOT IN (-1)  <No database selected>
[2012-11-07 10:26:19] INSERT INTO `tree` (`parent_id`, `position`, `left`, `right`, `level` ) VALUES (1, 0, 1, 2, 1) <No database selected>
[2012-11-07 10:26:19] SELECT `id` , `parent_id` , `position` , `left` , `right` , `level` , `title` , `type` FROM `tree` WHERE `id` = 0 <No database selected>
[2012-11-07 10:26:19] No query pending <No database selected>
[2012-11-07 10:26:19] nf: no result set <No database selected>
[2012-11-07 10:26:19] SELECT `id` , `parent_id` , `position` , `left` , `right` , `level` , `title` , `type` FROM `tree` WHERE `parent_id` = 0 ORDER BY `position` ASC <No database selected>
[2012-11-07 10:26:19] No query pending <No database selected>
[2012-11-07 10:26:19] SELECT `id` , `parent_id` , `position` , `left` , `right` , `level` , `title` , `type` FROM `tree` WHERE `id` = 2 <No database selected>
[2012-11-07 10:26:19] No query pending <No database selected>
[2012-11-07 10:26:20] nf: no result set <No database selected>
[2012-11-07 10:26:20] SELECT `id` , `parent_id` , `position` , `left` , `right` , `level` , `title` , `type` FROM `tree` WHERE `parent_id` = 2 ORDER BY `position` ASC <No database selected>
[2012-11-07 10:26:20] No query pending <No database selected>
[2012-11-07 10:26:20] UPDATE `tree` SET `position` = `position` + 1 WHERE `parent_id` = 2 AND `position` >= 0  AND `id` NOT IN (-1)  <No database selected>
[2012-11-07 10:26:20] UPDATE `tree` SET `left` = `left` + 2 WHERE `left` >= 1  AND `id` NOT IN (-1)  <No database selected>
[2012-11-07 10:26:20] UPDATE `tree` SET `right` = `right` + 2 WHERE `right` >= 1  AND `id` NOT IN (-1)  <No database selected>
[2012-11-07 10:26:20] INSERT INTO `tree` (`parent_id`, `position`, `left`, `right`, `level` ) VALUES (2, 0, 1, 2, 1) <No database selected>
[2012-11-07 10:26:20] SELECT `id` , `parent_id` , `position` , `left` , `right` , `level` , `title` , `type` FROM `tree` WHERE `id` = 0 <No database selected>
[2012-11-07 10:26:20] No query pending <No database selected>
[2012-11-07 10:26:20] nf: no result set <No database selected>
[2012-11-07 10:26:20] SELECT `id` , `parent_id` , `position` , `left` , `right` , `level` , `title` , `type` FROM `tree` WHERE `parent_id` = 0 ORDER BY `position` ASC <No database selected>
[2012-11-07 10:26:20] No query pending <No database selected>
[2012-11-07 10:26:20] SELECT `id` , `parent_id` , `position` , `left` , `right` , `level` , `title` , `type` FROM `tree` WHERE `id` = 2 <No database selected>
[2012-11-07 10:26:20] No query pending <No database selected>
[2012-11-07 10:26:20] nf: no result set <No database selected>
[2012-11-07 10:26:20] SELECT `id` , `parent_id` , `position` , `left` , `right` , `level` , `title` , `type` FROM `tree` WHERE `parent_id` = 2 ORDER BY `position` ASC <No database selected>
[2012-11-07 10:26:20] No query pending <No database selected>
[2012-11-07 10:26:20] UPDATE `tree` SET `position` = `position` + 1 WHERE `parent_id` = 2 AND `position` >= 0  AND `id` NOT IN (-1)  <No database selected>
[2012-11-07 10:26:20] UPDATE `tree` SET `left` = `left` + 2 WHERE `left` >= 1  AND `id` NOT IN (-1)  <No database selected>
[2012-11-07 10:26:20] UPDATE `tree` SET `right` = `right` + 2 WHERE `right` >= 1  AND `id` NOT IN (-1)  <No database selected>
[2012-11-07 10:26:20] INSERT INTO `tree` (`parent_id`, `position`, `left`, `right`, `level` ) VALUES (2, 0, 1, 2, 1) <No database selected>
[2012-11-07 10:26:20] SELECT `id` , `parent_id` , `position` , `left` , `right` , `level` , `title` , `type` FROM `tree` WHERE `id` = 0 <No database selected>
[2012-11-07 10:26:20] No query pending <No database selected>
[2012-11-07 10:26:20] nf: no result set <No database selected>
[2012-11-07 10:26:20] SELECT `id` , `parent_id` , `position` , `left` , `right` , `level` , `title` , `type` FROM `tree` WHERE `parent_id` = 0 ORDER BY `position` ASC <No database selected>
[2012-11-07 10:26:20] No query pending <No database selected>
[2012-11-07 10:26:20] SELECT `id` , `parent_id` , `position` , `left` , `right` , `level` , `title` , `type` FROM `tree` WHERE `id` = 4 <No database selected>
[2012-11-07 10:26:20] No query pending <No database selected>
[2012-11-07 10:26:20] nf: no result set <No database selected>
[2012-11-07 10:26:20] SELECT `id` , `parent_id` , `position` , `left` , `right` , `level` , `title` , `type` FROM `tree` WHERE `parent_id` = 4 ORDER BY `position` ASC <No database selected>
[2012-11-07 10:26:20] No query pending <No database selected>
[2012-11-07 10:26:20] UPDATE `tree` SET `position` = `position` + 1 WHERE `parent_id` = 4 AND `position` >= 0  AND `id` NOT IN (-1)  <No database selected>
[2012-11-07 10:26:20] UPDATE `tree` SET `left` = `left` + 2 WHERE `left` >= 1  AND `id` NOT IN (-1)  <No database selected>
[2012-11-07 10:26:20] UPDATE `tree` SET `right` = `right` + 2 WHERE `right` >= 1  AND `id` NOT IN (-1)  <No database selected>
[2012-11-07 10:26:20] INSERT INTO `tree` (`parent_id`, `position`, `left`, `right`, `level` ) VALUES (4, 0, 1, 2, 1) <No database selected>
[2012-11-07 10:26:20] SELECT `id` , `parent_id` , `position` , `left` , `right` , `level` , `title` , `type` FROM `tree` WHERE `id` = 0 <No database selected>
[2012-11-07 10:26:20] No query pending <No database selected>
[2012-11-07 10:26:20] nf: no result set <No database selected>
[2012-11-07 10:26:20] SELECT `id` , `parent_id` , `position` , `left` , `right` , `level` , `title` , `type` FROM `tree` WHERE `parent_id` = 0 ORDER BY `position` ASC <No database selected>
[2012-11-07 10:26:20] No query pending <No database selected>
[2012-11-07 10:26:20] SELECT `id` , `parent_id` , `position` , `left` , `right` , `level` , `title` , `type` FROM `tree` WHERE `id` = 5 <No database selected>
[2012-11-07 10:26:20] No query pending <No database selected>
[2012-11-07 10:26:20] nf: no result set <No database selected>
[2012-11-07 10:26:20] SELECT `id` , `parent_id` , `position` , `left` , `right` , `level` , `title` , `type` FROM `tree` WHERE `parent_id` = 5 ORDER BY `position` ASC <No database selected>
[2012-11-07 10:26:20] No query pending <No database selected>
[2012-11-07 10:26:20] UPDATE `tree` SET `position` = `position` + 1 WHERE `parent_id` = 5 AND `position` >= 0  AND `id` NOT IN (-1)  <No database selected>
[2012-11-07 10:26:20] UPDATE `tree` SET `left` = `left` + 2 WHERE `left` >= 1  AND `id` NOT IN (-1)  <No database selected>
[2012-11-07 10:26:20] UPDATE `tree` SET `right` = `right` + 2 WHERE `right` >= 1  AND `id` NOT IN (-1)  <No database selected>
[2012-11-07 10:26:20] INSERT INTO `tree` (`parent_id`, `position`, `left`, `right`, `level` ) VALUES (5, 0, 1, 2, 1) <No database selected>
[2012-11-07 10:26:20] SELECT `id` , `parent_id` , `position` , `left` , `right` , `level` , `title` , `type` FROM `tree` WHERE `parent_id` = 1 ORDER BY `position` ASC <No database selected>
[2012-11-07 10:26:20] No query pending <No database selected>
